<?xml version="1.0" encoding="UTF-8"?>
<testng-results skipped="0" failed="0" ignored="0" total="2" passed="2">
  <reporter-output>
  </reporter-output>
  <suite name="Default suite" duration-ms="43" started-at="2018-04-24T10:42:59Z" finished-at="2018-04-24T10:42:59Z">
    <groups>
    </groups>
    <test name="Default test" duration-ms="43" started-at="2018-04-24T10:42:59Z" finished-at="2018-04-24T10:42:59Z">
      <class name="com.maven.test.CustomerTest">
        <test-method status="PASS" signature="testDeleteCustomer()[pri:0, instance:com.maven.test.CustomerTest@14acaea5]" name="testDeleteCustomer" duration-ms="8" started-at="2018-04-24T10:42:59Z" finished-at="2018-04-24T10:42:59Z">
          <reporter-output>
          </reporter-output>
        </test-method> <!-- testDeleteCustomer -->
        <test-method status="PASS" signature="testcreateCustomer()[pri:0, instance:com.maven.test.CustomerTest@14acaea5]" name="testcreateCustomer" duration-ms="3" started-at="2018-04-24T10:42:59Z" finished-at="2018-04-24T10:42:59Z">
          <reporter-output>
          </reporter-output>
        </test-method> <!-- testcreateCustomer -->
      </class> <!-- com.maven.test.CustomerTest -->
    </test> <!-- Default test -->
  </suite> <!-- Default suite -->
</testng-results>
